<?xml version="1.0" encoding="utf-8"?>
<coverage line-rate="0.6501" branch-rate="0.4861" version="1.9" timestamp="1760902461" lines-covered="1968" lines-valid="3027" branches-covered="543" branches-valid="1117">
  <sources>
    <source>C:\Users\nilay\.sources\vecrax\tokenx\nlp\ErgoX.VecraX.ML.NLP.Tokenizers\src\ErgoX.VecraX.ML.NLP.Tokenizers.HuggingFace\</source>
  </sources>
  <packages>
    <package name="ErgoX.VecraX.ML.NLP.Tokenizers.HuggingFace" line-rate="0.6501" branch-rate="0.4861" complexity="1337">
      <classes>
        <class name="ErgoX.VecraX.ML.NLP.Tokenizers.HuggingFace.AddedToken" filename="Core\AddedToken.cs" line-rate="1" branch-rate="0.75" complexity="11">
          <methods>
            <method name="get_Content" signature="()" line-rate="1" branch-rate="1" complexity="1">
              <lines>
                <line number="28" hits="2" branch="False" />
              </lines>
            </method>
            <method name="get_IsSpecial" signature="()" line-rate="1" branch-rate="1" complexity="1">
              <lines>
                <line number="30" hits="2" branch="False" />
              </lines>
            </method>
            <method name="get_SingleWord" signature="()" line-rate="1" branch-rate="1" complexity="1">
              <lines>
                <line number="32" hits="1" branch="False" />
              </lines>
            </method>
            <method name="get_LeftStrip" signature="()" line-rate="1" branch-rate="1" complexity="1">
              <lines>
                <line number="34" hits="1" branch="False" />
              </lines>
            </method>
            <method name="get_RightStrip" signature="()" line-rate="1" branch-rate="1" complexity="1">
              <lines>
                <line number="36" hits="1" branch="False" />
              </lines>
            </method>
            <method name="get_Normalized" signature="()" line-rate="1" branch-rate="1" complexity="1">
              <lines>
                <line number="38" hits="1" branch="False" />
              </lines>
            </method>
            <method name="WithSpecial" signature="(System.Boolean)" line-rate="1" branch-rate="1" complexity="1">
              <lines>
                <line number="41" hits="1" branch="False" />
              </lines>
            </method>
            <method name=".ctor" signature="(System.String,System.Boolean,System.Boolean,System.Boolean,System.Boolean,System.Nullable`1&lt;System.Boolean&gt;)" line-rate="1" branch-rate="0.75" complexity="4">
              <lines>
                <line number="7" hits="3" branch="False" />
                <line number="8" hits="3" branch="False" />
                <line number="9" hits="3" branch="False" />
                <line number="10" hits="3" branch="False" />
                <line number="11" hits="3" branch="False" />
                <line number="12" hits="3" branch="False" />
                <line number="13" hits="3" branch="False" />
                <line number="14" hits="3" branch="False" />
                <line number="15" hits="3" branch="True" condition-coverage="100% (2/2)">
                  <conditions>
                    <condition number="16" type="jump" coverage="100%" />
                  </conditions>
                </line>
                <line number="16" hits="1" branch="False" />
                <line number="17" hits="1" branch="False" />
                <line number="20" hits="2" branch="False" />
                <line number="21" hits="2" branch="False" />
                <line number="22" hits="2" branch="False" />
                <line number="23" hits="2" branch="False" />
                <line number="24" hits="2" branch="False" />
                <line number="25" hits="2" branch="True" condition-coverage="50% (1/2)">
                  <conditions>
                    <condition number="83" type="jump" coverage="50%" />
                  </conditions>
                </line>
                <line number="26" hits="2" branch="False" />
              </lines>
            </method>
          </methods>
          <lines>
            <line number="28" hits="2" branch="False" />
            <line number="30" hits="2" branch="False" />
            <line number="32" hits="1" branch="False" />
            <line number="34" hits="1" branch="False" />
            <line number="36" hits="1" branch="False" />
            <line number="38" hits="1" branch="False" />
            <line number="41" hits="1" branch="False" />
            <line number="7" hits="3" branch="False" />
            <line number="8" hits="3" branch="False" />
            <line number="9" hits="3" branch="False" />
            <line number="10" hits="3" branch="False" />
            <line number="11" hits="3" branch="False" />
            <line number="12" hits="3" branch="False" />
            <line number="13" hits="3" branch="False" />
            <line number="14" hits="3" branch="False" />
            <line number="15" hits="3" branch="True" condition-coverage="100% (2/2)">
              <conditions>
                <condition number="16" type="jump" coverage="100%" />
              </conditions>
            </line>
            <line number="16" hits="1" branch="False" />
            <line number="17" hits="1" branch="False" />
            <line number="20" hits="2" branch="False" />
            <line number="21" hits="2" branch="False" />
            <line number="22" hits="2" branch="False" />
            <line number="23" hits="2" branch="False" />
            <line number="24" hits="2" branch="False" />
            <line number="25" hits="2" branch="True" condition-coverage="50% (1/2)">
              <conditions>
                <condition number="83" type="jump" coverage="50%" />
              </conditions>
            </line>
            <line number="26" hits="2" branch="False" />
          </lines>
        </class>
        <class name="ErgoX.VecraX.ML.NLP.Tokenizers.HuggingFace.AutoTokenizer" filename="Core\AutoTokenizer.cs" line-rate="0.7272" branch-rate="0.5952000000000001" complexity="96">
          <methods>
            <method name="get_Tokenizer" signature="()" line-rate="1" branch-rate="1" complexity="1">
              <lines>
                <line number="34" hits="13" branch="False" />
              </lines>
            </method>
            <method name="get_TokenizerConfig" signature="()" line-rate="1" branch-rate="1" complexity="1">
              <lines>
                <line number="36" hits="10" branch="False" />
              </lines>
            </method>
            <method name="get_SpecialTokens" signature="()" line-rate="1" branch-rate="1" complexity="1">
              <lines>
                <line number="38" hits="6" branch="False" />
              </lines>
            </method>
            <method name="get_GenerationConfig" signature="()" line-rate="1" branch-rate="1" complexity="1">
              <lines>
                <line number="40" hits="17" branch="False" />
              </lines>
            </method>
            <method name="get_BasePath" signature="()" line-rate="0" branch-rate="1" complexity="1">
              <lines>
                <line number="42" hits="0" branch="False" />
              </lines>
            </method>
            <method name="get_Options" signature="()" line-rate="0" branch-rate="1" complexity="1">
              <lines>
                <line number="44" hits="0" branch="False" />
              </lines>
            </method>
            <method name="get_SupportsChatTemplate" signature="()" line-rate="1" branch-rate="0.5" complexity="2">
              <lines>
                <line number="46" hits="1" branch="True" condition-coverage="50% (1/2)">
                  <conditions>
                    <condition number="7" type="jump" coverage="50%" />
                  </conditions>
                </line>
              </lines>
            </method>
            <method name="get_SupportsGenerationDefaults" signature="()" line-rate="1" branch-rate="1" complexity="1">
              <lines>
                <line number="48" hits="2" branch="False" />
              </lines>
            </method>
            <method name="Load" signature="(System.String,ErgoX.VecraX.ML.NLP.Tokenizers.HuggingFace.AutoTokenizerLoadOptions)" line-rate="1" branch-rate="1" complexity="1">
              <lines>
                <line number="52" hits="3" branch="False" />
                <line number="53" hits="3" branch="False" />
                <line number="54" hits="3" branch="False" />
                <line number="55" hits="3" branch="False" />
              </lines>
            </method>
            <method name="Dispose" signature="()" line-rate="1" branch-rate="1" complexity="1">
              <lines>
                <line number="112" hits="4" branch="False" />
                <line number="113" hits="4" branch="False" />
                <line number="114" hits="4" branch="False" />
                <line number="115" hits="4" branch="False" />
              </lines>
            </method>
            <method name="ApplyChatTemplate" signature="(System.Collections.Generic.IEnumerable`1&lt;ErgoX.VecraX.ML.NLP.Tokenizers.HuggingFace.Chat.ChatMessage&gt;,ErgoX.VecraX.ML.NLP.Tokenizers.HuggingFace.Chat.ChatTemplateOptions)" line-rate="1" branch-rate="0.5" complexity="2">
              <lines>
                <line number="118" hits="1" branch="False" />
                <line number="119" hits="1" branch="False" />
                <line number="120" hits="1" branch="True" condition-coverage="50% (1/2)">
                  <conditions>
                    <condition number="10" type="jump" coverage="50%" />
                  </conditions>
                </line>
                <line number="121" hits="1" branch="False" />
                <line number="122" hits="1" branch="False" />
              </lines>
            </method>
            <method name="ApplyChatTemplateAsEncoding" signature="(System.Collections.Generic.IEnumerable`1&lt;ErgoX.VecraX.ML.NLP.Tokenizers.HuggingFace.Chat.ChatMessage&gt;,ErgoX.VecraX.ML.NLP.Tokenizers.HuggingFace.Chat.ChatTemplateOptions)" line-rate="1" branch-rate="0.5" complexity="2">
              <lines>
                <line number="125" hits="1" branch="False" />
                <line number="126" hits="1" branch="False" />
                <line number="127" hits="1" branch="True" condition-coverage="50% (1/2)">
                  <conditions>
                    <condition number="10" type="jump" coverage="50%" />
                  </conditions>
                </line>
                <line number="128" hits="1" branch="False" />
                <line number="129" hits="1" branch="False" />
                <line number="130" hits="1" branch="False" />
              </lines>
            </method>
            <method name="ApplyChatTemplateAsTokenIds" signature="(System.Collections.Generic.IEnumerable`1&lt;ErgoX.VecraX.ML.NLP.Tokenizers.HuggingFace.Chat.ChatMessage&gt;,ErgoX.VecraX.ML.NLP.Tokenizers.HuggingFace.Chat.ChatTemplateOptions)" line-rate="1" branch-rate="1" complexity="1">
              <lines>
                <line number="133" hits="1" branch="False" />
              </lines>
            </method>
            <method name="Generate" signature="(System.String,ErgoX.VecraX.ML.NLP.Tokenizers.HuggingFace.Options.GenerationOptions)" line-rate="1" branch-rate="1" complexity="2">
              <lines>
                <line number="136" hits="3" branch="False" />
                <line number="137" hits="3" branch="True" condition-coverage="100% (2/2)">
                  <conditions>
                    <condition number="7" type="jump" coverage="100%" />
                  </conditions>
                </line>
                <line number="138" hits="1" branch="False" />
                <line number="139" hits="1" branch="False" />
                <line number="142" hits="2" branch="False" />
                <line number="143" hits="1" branch="False" />
                <line number="144" hits="1" branch="False" />
              </lines>
            </method>
            <method name="Generate" signature="(System.Collections.Generic.IEnumerable`1&lt;ErgoX.VecraX.ML.NLP.Tokenizers.HuggingFace.Chat.ChatMessage&gt;,ErgoX.VecraX.ML.NLP.Tokenizers.HuggingFace.Chat.ChatTemplateOptions,ErgoX.VecraX.ML.NLP.Tokenizers.HuggingFace.Options.GenerationOptions)" line-rate="1" branch-rate="0.5" complexity="2">
              <lines>
                <line number="150" hits="3" branch="False" />
                <line number="151" hits="3" branch="False" />
                <line number="152" hits="1" branch="True" condition-coverage="50% (1/2)">
                  <conditions>
                    <condition number="10" type="jump" coverage="50%" />
                  </conditions>
                </line>
                <line number="153" hits="1" branch="False" />
                <line number="154" hits="1" branch="False" />
                <line number="155" hits="1" branch="False" />
                <line number="156" hits="1" branch="False" />
              </lines>
            </method>
            <method name="GenerateStream" signature="(System.String,ErgoX.VecraX.ML.NLP.Tokenizers.HuggingFace.Options.GenerationOptions,ErgoX.VecraX.ML.NLP.Tokenizers.HuggingFace.Generation.StreamGenerationOptions)" line-rate="0.75" branch-rate="0.5" complexity="2">
              <lines>
                <line number="162" hits="3" branch="False" />
                <line number="163" hits="3" branch="True" condition-coverage="50% (1/2)">
                  <conditions>
                    <condition number="7" type="jump" coverage="50%" />
                  </conditions>
                </line>
                <line number="164" hits="0" branch="False" />
                <line number="165" hits="0" branch="False" />
                <line number="168" hits="3" branch="False" />
                <line number="169" hits="3" branch="False" />
                <line number="170" hits="3" branch="False" />
                <line number="171" hits="3" branch="False" />
              </lines>
            </method>
            <method name="GenerateStream" signature="(System.Collections.Generic.IEnumerable`1&lt;ErgoX.VecraX.ML.NLP.Tokenizers.HuggingFace.Chat.ChatMessage&gt;,ErgoX.VecraX.ML.NLP.Tokenizers.HuggingFace.Chat.ChatTemplateOptions,ErgoX.VecraX.ML.NLP.Tokenizers.HuggingFace.Options.GenerationOptions,ErgoX.VecraX.ML.NLP.Tokenizers.HuggingFace.Generation.StreamGenerationOptions)" line-rate="1" branch-rate="0.5" complexity="2">
              <lines>
                <line number="178" hits="1" branch="False" />
                <line number="179" hits="1" branch="False" />
                <line number="180" hits="1" branch="True" condition-coverage="50% (1/2)">
                  <conditions>
                    <condition number="10" type="jump" coverage="50%" />
                  </conditions>
                </line>
                <line number="181" hits="1" branch="False" />
                <line number="182" hits="1" branch="False" />
                <line number="183" hits="1" branch="False" />
                <line number="184" hits="1" branch="False" />
                <line number="185" hits="1" branch="False" />
              </lines>
            </method>
            <method name="ApplyTokenizerDefaults" signature="(ErgoX.VecraX.ML.NLP.Tokenizers.HuggingFace.Tokenizer,ErgoX.VecraX.ML.NLP.Tokenizers.HuggingFace.Options.TokenizerConfig)" line-rate="0.1315" branch-rate="0.1875" complexity="16">
              <lines>
                <line number="264" hits="3" branch="False" />
                <line number="265" hits="3" branch="True" condition-coverage="50% (1/2)">
                  <conditions>
                    <condition number="7" type="jump" coverage="50%" />
                  </conditions>
                </line>
                <line number="266" hits="0" branch="False" />
                <line number="267" hits="0" branch="False" />
                <line number="270" hits="3" branch="True" condition-coverage="50% (1/2)">
                  <conditions>
                    <condition number="28" type="jump" coverage="50%" />
                  </conditions>
                </line>
                <line number="271" hits="0" branch="False" />
                <line number="273" hits="0" branch="False" />
                <line number="274" hits="0" branch="True" condition-coverage="0% (0/2)">
                  <conditions>
                    <condition number="49" type="jump" coverage="0%" />
                  </conditions>
                </line>
                <line number="275" hits="0" branch="False" />
                <line number="276" hits="0" branch="False" />
                <line number="278" hits="0" branch="True" condition-coverage="0% (0/2)">
                  <conditions>
                    <condition number="68" type="jump" coverage="0%" />
                  </conditions>
                </line>
                <line number="279" hits="0" branch="False" />
                <line number="280" hits="0" branch="False" />
                <line number="281" hits="0" branch="False" />
                <line number="282" hits="0" branch="False" />
                <line number="283" hits="0" branch="False" />
                <line number="284" hits="0" branch="False" />
                <line number="286" hits="0" branch="False" />
                <line number="288" hits="3" branch="True" condition-coverage="50% (1/2)">
                  <conditions>
                    <condition number="164" type="jump" coverage="50%" />
                  </conditions>
                </line>
                <line number="289" hits="0" branch="False" />
                <line number="291" hits="0" branch="False" />
                <line number="292" hits="0" branch="True" condition-coverage="0% (0/4)">
                  <conditions>
                    <condition number="195" type="jump" coverage="0%" />
                    <condition number="209" type="jump" coverage="0%" />
                  </conditions>
                </line>
                <line number="293" hits="0" branch="False" />
                <line number="294" hits="0" branch="False" />
                <line number="295" hits="0" branch="False" />
                <line number="296" hits="0" branch="False" />
                <line number="297" hits="0" branch="False" />
                <line number="299" hits="0" branch="True" condition-coverage="0% (0/2)">
                  <conditions>
                    <condition number="253" type="jump" coverage="0%" />
                  </conditions>
                </line>
                <line number="300" hits="0" branch="False" />
                <line number="301" hits="0" branch="False" />
                <line number="303" hits="0" branch="False" />
                <line number="304" hits="0" branch="False" />
                <line number="305" hits="0" branch="False" />
                <line number="306" hits="0" branch="False" />
                <line number="307" hits="0" branch="False" />
                <line number="308" hits="0" branch="False" />
                <line number="310" hits="0" branch="False" />
                <line number="311" hits="3" branch="False" />
              </lines>
            </method>
            <method name="MaterializeMessages" signature="(System.Collections.Generic.IEnumerable`1&lt;ErgoX.VecraX.ML.NLP.Tokenizers.HuggingFace.Chat.ChatMessage&gt;)" line-rate="1" branch-rate="1" complexity="8">
              <lines>
                <line number="314" hits="6" branch="False" />
                <line number="315" hits="6" branch="False" />
                <line number="316" hits="6" branch="True" condition-coverage="100% (2/2)">
                  <conditions>
                    <condition number="20" type="jump" coverage="100%" />
                  </conditions>
                </line>
                <line number="317" hits="6" branch="True" condition-coverage="100% (2/2)">
                  <conditions>
                    <condition number="37" type="jump" coverage="100%" />
                  </conditions>
                </line>
                <line number="318" hits="1" branch="False" />
                <line number="319" hits="1" branch="False" />
                <line number="322" hits="26" branch="True" condition-coverage="100% (2/2)">
                  <conditions>
                    <condition number="103" type="jump" coverage="100%" />
                  </conditions>
                </line>
                <line number="323" hits="9" branch="False" />
                <line number="324" hits="9" branch="True" condition-coverage="100% (2/2)">
                  <conditions>
                    <condition number="69" type="jump" coverage="100%" />
                  </conditions>
                </line>
                <line number="325" hits="1" branch="False" />
                <line number="326" hits="1" branch="False" />
                <line number="328" hits="8" branch="False" />
                <line number="330" hits="4" branch="False" />
                <line number="331" hits="4" branch="False" />
              </lines>
            </method>
            <method name="RenderChatTemplate" signature="(System.Collections.Generic.IReadOnlyList`1&lt;ErgoX.VecraX.ML.NLP.Tokenizers.HuggingFace.Chat.ChatMessage&gt;,ErgoX.VecraX.ML.NLP.Tokenizers.HuggingFace.Chat.ChatTemplateOptions)" line-rate="1" branch-rate="1" complexity="1">
              <lines>
                <line number="334" hits="4" branch="False" />
                <line number="335" hits="4" branch="False" />
                <line number="336" hits="4" branch="False" />
                <line number="338" hits="4" branch="False" />
                <line number="339" hits="4" branch="False" />
                <line number="340" hits="4" branch="False" />
                <line number="341" hits="4" branch="False" />
                <line number="343" hits="4" branch="False" />
                <line number="344" hits="4" branch="False" />
              </lines>
            </method>
            <method name="ResolveTemplate" signature="(ErgoX.VecraX.ML.NLP.Tokenizers.HuggingFace.Chat.ChatTemplateOptions)" line-rate="0.7142000000000001" branch-rate="0.6666" complexity="6">
              <lines>
                <line number="347" hits="4" branch="False" />
                <line number="348" hits="4" branch="True" condition-coverage="75% (3/4)">
                  <conditions>
                    <condition number="8" type="jump" coverage="100%" />
                    <condition number="18" type="jump" coverage="50%" />
                  </conditions>
                </line>
                <line number="349" hits="4" branch="True" condition-coverage="50% (1/2)">
                  <conditions>
                    <condition number="38" type="jump" coverage="50%" />
                  </conditions>
                </line>
                <line number="350" hits="0" branch="False" />
                <line number="351" hits="0" branch="False" />
                <line number="354" hits="4" branch="False" />
                <line number="355" hits="4" branch="False" />
              </lines>
            </method>
            <method name="ResolveGenerationSettings" signature="(ErgoX.VecraX.ML.NLP.Tokenizers.HuggingFace.Options.GenerationOptions)" line-rate="1" branch-rate="1" complexity="2">
              <lines>
                <line number="358" hits="7" branch="False" />
                <line number="359" hits="7" branch="True" condition-coverage="100% (2/2)">
                  <conditions>
                    <condition number="12" type="jump" coverage="100%" />
                  </conditions>
                </line>
                <line number="360" hits="1" branch="False" />
                <line number="361" hits="1" branch="False" />
                <line number="364" hits="6" branch="False" />
                <line number="365" hits="6" branch="False" />
              </lines>
            </method>
            <method name="BuildVariablesSnapshot" signature="(ErgoX.VecraX.ML.NLP.Tokenizers.HuggingFace.Chat.ChatTemplateOptions)" line-rate="0.7142000000000001" branch-rate="0.625" complexity="8">
              <lines>
                <line number="368" hits="4" branch="False" />
                <line number="369" hits="4" branch="True" condition-coverage="50% (1/2)">
                  <conditions>
                    <condition number="17" type="jump" coverage="50%" />
                  </conditions>
                </line>
                <line number="370" hits="0" branch="False" />
                <line number="371" hits="0" branch="False" />
                <line number="374" hits="4" branch="False" />
                <line number="375" hits="20" branch="True" condition-coverage="100% (2/2)">
                  <conditions>
                    <condition number="131" type="jump" coverage="100%" />
                  </conditions>
                </line>
                <line number="376" hits="4" branch="False" />
                <line number="377" hits="4" branch="True" condition-coverage="50% (1/2)">
                  <conditions>
                    <condition number="86" type="jump" coverage="50%" />
                  </conditions>
                </line>
                <line number="378" hits="0" branch="False" />
                <line number="379" hits="0" branch="False" />
                <line number="382" hits="4" branch="True" condition-coverage="50% (1/2)">
                  <conditions>
                    <condition number="107" type="jump" coverage="50%" />
                  </conditions>
                </line>
                <line number="383" hits="4" branch="False" />
                <line number="385" hits="4" branch="False" />
                <line number="386" hits="4" branch="False" />
              </lines>
            </method>
            <method name="ResolveSkipSpecialTokens" signature="(ErgoX.VecraX.ML.NLP.Tokenizers.HuggingFace.Generation.StreamGenerationOptions,ErgoX.VecraX.ML.NLP.Tokenizers.HuggingFace.Generation.GenerationSettings)" line-rate="0.8665999999999999" branch-rate="0.8125" complexity="16">
              <lines>
                <line number="389" hits="4" branch="False" />
                <line number="390" hits="4" branch="True" condition-coverage="100% (6/6)">
                  <conditions>
                    <condition number="2" type="jump" coverage="100%" />
                    <condition number="31" type="jump" coverage="100%" />
                    <condition number="47" type="jump" coverage="100%" />
                  </conditions>
                </line>
                <line number="391" hits="1" branch="False" />
                <line number="392" hits="1" branch="False" />
                <line number="395" hits="3" branch="True" condition-coverage="100% (4/4)">
                  <conditions>
                    <condition number="70" type="jump" coverage="100%" />
                    <condition number="88" type="jump" coverage="100%" />
                  </conditions>
                </line>
                <line number="396" hits="2" branch="False" />
                <line number="397" hits="2" branch="False" />
                <line number="400" hits="1" branch="True" condition-coverage="50% (2/4)">
                  <conditions>
                    <condition number="109" type="jump" coverage="50%" />
                    <condition number="122" type="jump" coverage="50%" />
                  </conditions>
                </line>
                <line number="401" hits="1" branch="False" />
                <line number="402" hits="1" branch="True" condition-coverage="50% (1/2)">
                  <conditions>
                    <condition number="137" type="jump" coverage="50%" />
                  </conditions>
                </line>
                <line number="403" hits="1" branch="False" />
                <line number="404" hits="1" branch="False" />
                <line number="406" hits="0" branch="False" />
                <line number="408" hits="0" branch="False" />
                <line number="409" hits="4" branch="False" />
              </lines>
            </method>
            <method name="TryConvertToBoolean" signature="(System.Text.Json.Nodes.JsonNode,System.Boolean&amp;)" line-rate="0.5909" branch-rate="0.5" complexity="14">
              <lines>
                <line number="412" hits="1" branch="False" />
                <line number="413" hits="1" branch="False" />
                <line number="415" hits="1" branch="True" condition-coverage="50% (1/2)">
                  <conditions>
                    <condition number="17" type="jump" coverage="50%" />
                  </conditions>
                </line>
                <line number="416" hits="1" branch="False" />
                <line number="417" hits="1" branch="True" condition-coverage="50% (1/2)">
                  <conditions>
                    <condition number="35" type="jump" coverage="50%" />
                  </conditions>
                </line>
                <line number="418" hits="0" branch="False" />
                <line number="419" hits="0" branch="False" />
                <line number="420" hits="0" branch="False" />
                <line number="423" hits="1" branch="True" condition-coverage="50% (2/4)">
                  <conditions>
                    <condition number="54" type="jump" coverage="50%" />
                    <condition number="71" type="jump" coverage="50%" />
                  </conditions>
                </line>
                <line number="424" hits="0" branch="False" />
                <line number="425" hits="0" branch="False" />
                <line number="426" hits="0" branch="False" />
                <line number="429" hits="1" branch="True" condition-coverage="50% (1/2)">
                  <conditions>
                    <condition number="95" type="jump" coverage="50%" />
                  </conditions>
                </line>
                <line number="430" hits="1" branch="False" />
                <line number="431" hits="1" branch="True" condition-coverage="50% (2/4)">
                  <conditions>
                    <condition number="105" type="jump" coverage="50%" />
                    <condition number="124" type="jump" coverage="50%" />
                  </conditions>
                </line>
                <line number="432" hits="1" branch="False" />
                <line number="433" hits="1" branch="False" />
                <line number="434" hits="1" branch="False" />
                <line number="436" hits="0" branch="False" />
                <line number="437" hits="0" branch="False" />
                <line number="439" hits="0" branch="False" />
                <line number="440" hits="1" branch="False" />
              </lines>
            </method>
            <method name=".ctor" signature="(ErgoX.VecraX.ML.NLP.Tokenizers.HuggingFace.Tokenizer,ErgoX.VecraX.ML.NLP.Tokenizers.HuggingFace.Options.TokenizerConfig,ErgoX.VecraX.ML.NLP.Tokenizers.HuggingFace.Options.SpecialTokensMap,ErgoX.VecraX.ML.NLP.Tokenizers.HuggingFace.Options.GenerationConfig,System.String,ErgoX.VecraX.ML.NLP.Tokenizers.HuggingFace.AutoTokenizerLoadOptions)" line-rate="1" branch-rate="1" complexity="1">
              <lines>
                <line number="18" hits="4" branch="False" />
                <line number="19" hits="4" branch="False" />
                <line number="20" hits="4" branch="False" />
                <line number="21" hits="4" branch="False" />
                <line number="22" hits="4" branch="False" />
                <line number="23" hits="4" branch="False" />
                <line number="24" hits="4" branch="False" />
                <line number="25" hits="4" branch="False" />
                <line number="26" hits="4" branch="False" />
                <line number="27" hits="4" branch="False" />
                <line number="28" hits="4" branch="False" />
                <line number="29" hits="4" branch="False" />
                <line number="30" hits="4" branch="False" />
                <line number="31" hits="4" branch="False" />
                <line number="32" hits="4" branch="False" />
              </lines>
            </method>
          </methods>
          <lines>
            <line number="34" hits="13" branch="False" />
            <line number="36" hits="10" branch="False" />
            <line number="38" hits="6" branch="False" />
            <line number="40" hits="17" branch="False" />
            <line number="42" hits="0" branch="False" />
            <line number="44" hits="0" branch="False" />
            <line number="46" hits="1" branch="True" condition-coverage="50% (1/2)">
              <conditions>
                <condition number="7" type="jump" coverage="50%" />
              </conditions>
            </line>
            <line number="48" hits="2" branch="False" />
            <line number="52" hits="3" branch="False" />
            <line number="53" hits="3" branch="False" />
            <line number="54" hits="3" branch="False" />
            <line number="55" hits="3" branch="False" />
            <line number="112" hits="4" branch="False" />
            <line number="113" hits="4" branch="False" />
            <line number="114" hits="4" branch="False" />
            <line number="115" hits="4" branch="False" />
            <line number="118" hits="1" branch="False" />
            <line number="119" hits="1" branch="False" />
            <line number="120" hits="1" branch="True" condition-coverage="50% (1/2)">
              <conditions>
                <condition number="10" type="jump" coverage="50%" />
              </conditions>
            </line>
            <line number="121" hits="1" branch="False" />
            <line number="122" hits="1" branch="False" />
            <line number="125" hits="1" branch="False" />
            <line number="126" hits="1" branch="False" />
            <line number="127" hits="1" branch="True" condition-coverage="50% (1/2)">
              <conditions>
                <condition number="10" type="jump" coverage="50%" />
              </conditions>
            </line>
            <line number="128" hits="1" branch="False" />
            <line number="129" hits="1" branch="False" />
            <line number="130" hits="1" branch="False" />
            <line number="133" hits="1" branch="False" />
            <line number="136" hits="3" branch="False" />
            <line number="137" hits="3" branch="True" condition-coverage="100% (2/2)">
              <conditions>
                <condition number="7" type="jump" coverage="100%" />
              </conditions>
            </line>
            <line number="138" hits="1" branch="False" />
            <line number="139" hits="1" branch="False" />
            <line number="142" hits="2" branch="False" />
            <line number="143" hits="1" branch="False" />
            <line number="144" hits="1" branch="False" />
            <line number="150" hits="3" branch="False" />
            <line number="151" hits="3" branch="False" />
            <line number="152" hits="1" branch="True" condition-coverage="50% (1/2)">
              <conditions>
                <condition number="10" type="jump" coverage="50%" />
              </conditions>
            </line>
            <line number="153" hits="1" branch="False" />
            <line number="154" hits="1" branch="False" />
            <line number="155" hits="1" branch="False" />
            <line number="156" hits="1" branch="False" />
            <line number="162" hits="3" branch="False" />
            <line number="163" hits="3" branch="True" condition-coverage="50% (1/2)">
              <conditions>
                <condition number="7" type="jump" coverage="50%" />
              </conditions>
            </line>
            <line number="164" hits="0" branch="False" />
            <line number="165" hits="0" branch="False" />
            <line number="168" hits="3" branch="False" />
            <line number="169" hits="3" branch="False" />
            <line number="170" hits="3" branch="False" />
            <line number="171" hits="3" branch="False" />
            <line number="178" hits="1" branch="False" />
            <line number="179" hits="1" branch="False" />
            <line number="180" hits="1" branch="True" condition-coverage="50% (1/2)">
              <conditions>
                <condition number="10" type="jump" coverage="50%" />
              </conditions>
            </line>
            <line number="181" hits="1" branch="False" />
            <line number="182" hits="1" branch="False" />
            <line number="183" hits="1" branch="False" />
            <line number="184" hits="1" branch="False" />
            <line number="185" hits="1" branch="False" />
            <line number="264" hits="3" branch="False" />
            <line number="265" hits="3" branch="True" condition-coverage="50% (1/2)">
              <conditions>
                <condition number="7" type="jump" coverage="50%" />
              </conditions>
            </line>
            <line number="266" hits="0" branch="False" />
            <line number="267" hits="0" branch="False" />
            <line number="270" hits="3" branch="True" condition-coverage="50% (1/2)">
              <conditions>
                <condition number="28" type="jump" coverage="50%" />
              </conditions>
            </line>
            <line number="271" hits="0" branch="False" />
            <line number="273" hits="0" branch="False" />
            <line number="274" hits="0" branch="True" condition-coverage="0% (0/2)">
              <conditions>
                <condition number="49" type="jump" coverage="0%" />
              </conditions>
            </line>
            <line number="275" hits="0" branch="False" />
            <line number="276" hits="0" branch="False" />
            <line number="278" hits="0" branch="True" condition-coverage="0% (0/2)">
              <conditions>
                <condition number="68" type="jump" coverage="0%" />
              </conditions>
            </line>
            <line number="279" hits="0" branch="False" />
            <line number="280" hits="0" branch="False" />
            <line number="281" hits="0" branch="False" />
            <line number="282" hits="0" branch="False" />
            <line number="283" hits="0" branch="False" />
            <line number="284" hits="0" branch="False" />
            <line number="286" hits="0" branch="False" />
            <line number="288" hits="3" branch="True" condition-coverage="50% (1/2)">
              <conditions>
                <condition number="164" type="jump" coverage="50%" />
              </conditions>
            </line>
            <line number="289" hits="0" branch="False" />
            <line number="291" hits="0" branch="False" />
            <line number="292" hits="0" branch="True" condition-coverage="0% (0/4)">
              <conditions>
                <condition number="195" type="jump" coverage="0%" />
                <condition number="209" type="jump" coverage="0%" />
              </conditions>
            </line>
            <line number="293" hits="0" branch="False" />
            <line number="294" hits="0" branch="False" />
            <line number="295" hits="0" branch="False" />
            <line number="296" hits="0" branch="False" />
            <line number="297" hits="0" branch="False" />
            <line number="299" hits="0" branch="True" condition-coverage="0% (0/2)">
              <conditions>
                <condition number="253" type="jump" coverage="0%" />
              </conditions>
            </line>
            <line number="300" hits="0" branch="False" />
            <line number="301" hits="0" branch="False" />
            <line number="303" hits="0" branch="False" />
            <line number="304" hits="0" branch="False" />
            <line number="305" hits="0" branch="False" />
            <line number="306" hits="0" branch="False" />
            <line number="307" hits="0" branch="False" />
            <line number="308" hits="0" branch="False" />
            <line number="310" hits="0" branch="False" />
            <line number="311" hits="3" branch="False" />
            <line number="314" hits="6" branch="False" />
            <line number="315" hits="6" branch="False" />
            <line number="316" hits="6" branch="True" condition-coverage="100% (2/2)">
              <conditions>
                <condition number="20" type="jump" coverage="100%" />
              </conditions>
            </line>
            <line number="317" hits="6" branch="True" condition-coverage="100% (2/2)">
              <conditions>
                <condition number="37" type="jump" coverage="100%" />
              </conditions>
            </line>
            <line number="318" hits="1" branch="False" />
            <line number="319" hits="1" branch="False" />
            <line number="322" hits="26" branch="True" condition-coverage="100% (2/2)">
              <conditions>
                <condition number="103" type="jump" coverage="100%" />
              </conditions>
            </line>
            <line number="323" hits="9" branch="False" />
            <line number="324" hits="9" branch="True" condition-coverage="100% (2/2)">
              <conditions>
                <condition number="69" type="jump" coverage="100%" />
              </conditions>
            </line>
            <line number="325" hits="1" branch="False" />
            <line number="326" hits="1" branch="False" />
            <line number="328" hits="8" branch="False" />
            <line number="330" hits="4" branch="False" />
            <line number="331" hits="4" branch="False" />
            <line number="334" hits="4" branch="False" />
            <line number="335" hits="4" branch="False" />
            <line number="336" hits="4" branch="False" />
            <line number="338" hits="4" branch="False" />
            <line number="339" hits="4" branch="False" />
            <line number="340" hits="4" branch="False" />
            <line number="341" hits="4" branch="False" />
            <line number="343" hits="4" branch="False" />
            <line number="344" hits="4" branch="False" />
            <line number="347" hits="4" branch="False" />
            <line number="348" hits="4" branch="True" condition-coverage="75% (3/4)">
              <conditions>
                <condition number="8" type="jump" coverage="100%" />
                <condition number="18" type="jump" coverage="50%" />
              </conditions>
            </line>
            <line number="349" hits="4" branch="True" condition-coverage="50% (1/2)">
              <conditions>
                <condition number="38" type="jump" coverage="50%" />
              </conditions>
            </line>
            <line number="350" hits="0" branch="False" />
            <line number="351" hits="0" branch="False" />
            <line number="354" hits="4" branch="False" />
            <line number="355" hits="4" branch="False" />
            <line number="358" hits="7" branch="False" />
            <line number="359" hits="7" branch="True" condition-coverage="100% (2/2)">
              <conditions>
                <condition number="12" type="jump" coverage="100%" />
              </conditions>
            </line>
            <line number="360" hits="1" branch="False" />
            <line number="361" hits="1" branch="False" />
            <line number="364" hits="6" branch="False" />
            <line number="365" hits="6" branch="False" />
            <line number="368" hits="4" branch="False" />
            <line number="369" hits="4" branch="True" condition-coverage="50% (1/2)">
              <conditions>
                <condition number="17" type="jump" coverage="50%" />
              </conditions>
            </line>
            <line number="370" hits="0" branch="False" />
            <line number="371" hits="0" branch="False" />
            <line number="374" hits="4" branch="False" />
            <line number="375" hits="20" branch="True" condition-coverage="100% (2/2)">
              <conditions>
                <condition number="131" type="jump" coverage="100%" />
              </conditions>
            </line>
            <line number="376" hits="4" branch="False" />
            <line number="377" hits="4" branch="True" condition-coverage="50% (1/2)">
              <conditions>
                <condition number="86" type="jump" coverage="50%" />
              </conditions>
            </line>
            <line number="378" hits="0" branch="False" />
            <line number="379" hits="0" branch="False" />
            <line number="382" hits="4" branch="True" condition-coverage="50% (1/2)">
              <conditions>
                <condition number="107" type="jump" coverage="50%" />
              </conditions>
            </line>
            <line number="383" hits="4" branch="False" />
            <line number="385" hits="4" branch="False" />
            <line number="386" hits="4" branch="False" />
            <line number="389" hits="4" branch="False" />
            <line number="390" hits="4" branch="True" condition-coverage="100% (6/6)">
              <conditions>
                <condition number="2" type="jump" coverage="100%" />
                <condition number="31" type="jump" coverage="100%" />
                <condition number="47" type="jump" coverage="100%" />
              </conditions>
            </line>
            <line number="391" hits="1" branch="False" />
            <line number="392" hits="1" branch="False" />
            <line number="395" hits="3" branch="True" condition-coverage="100% (4/4)">
              <conditions>
                <condition number="70" type="jump" coverage="100%" />
                <condition number="88" type="jump" coverage="100%" />
              </conditions>
            </line>
            <line number="396" hits="2" branch="False" />
            <line number="397" hits="2" branch="False" />
            <line number="400" hits="1" branch="True" condition-coverage="50% (2/4)">
              <conditions>
                <condition number="109" type="jump" coverage="50%" />
                <condition number="122" type="jump" coverage="50%" />
              </conditions>
            </line>
            <line number="401" hits="1" branch="False" />
            <line number="402" hits="1" branch="True" condition-coverage="50% (1/2)">
              <conditions>
                <condition number="137" type="jump" coverage="50%" />
              </conditions>
            </line>
            <line number="403" hits="1" branch="False" />
            <line number="404" hits="1" branch="False" />
            <line number="406" hits="0" branch="False" />
            <line number="408" hits="0" branch="False" />
            <line number="409" hits="4" branch="False" />
            <line number="412" hits="1" branch="False" />
            <line number="413" hits="1" branch="False" />
            <line number="415" hits="1" branch="True" condition-coverage="50% (1/2)">
              <conditions>
                <condition number="17" type="jump" coverage="50%" />
              </conditions>
            </line>
            <line number="416" hits="1" branch="False" />
            <line number="417" hits="1" branch="True" condition-coverage="50% (1/2)">
              <conditions>
                <condition number="35" type="jump" coverage="50%" />
              </conditions>
            </line>
            <line number="418" hits="0" branch="False" />
            <line number="419" hits="0" branch="False" />
            <line number="420" hits="0" branch="False" />
            <line number="423" hits="1" branch="True" condition-coverage="50% (2/4)">
              <conditions>
                <condition number="54" type="jump" coverage="50%" />
                <condition number="71" type="jump" coverage="50%" />
              </conditions>
            </line>
            <line number="424" hits="0" branch="False" />
            <line number="425" hits="0" branch="False" />
            <line number="426" hits="0" branch="False" />
            <line number="429" hits="1" branch="True" condition-coverage="50% (1/2)">
              <conditions>
                <condition number="95" type="jump" coverage="50%" />
              </conditions>
            </line>
            <line number="430" hits="1" branch="False" />
            <line number="431" hits="1" branch="True" condition-coverage="50% (2/4)">
              <conditions>
                <condition number="105" type="jump" coverage="50%" />
                <condition number="124" type="jump" coverage="50%" />
              </conditions>
            </line>
            <line number="432" hits="1" branch="False" />
            <line number="433" hits="1" branch="False" />
            <line number="434" hits="1" branch="False" />
            <line number="436" hits="0" branch="False" />
            <line number="437" hits="0" branch="False" />
            <line number="439" hits="0" branch="False" />
            <line number="440" hits="1" branch="False" />
            <line number="18" hits="4" branch="False" />
            <line number="19" hits="4" branch="False" />
            <line number="20" hits="4" branch="False" />
            <line number="21" hits="4" branch="False" />
            <line number="22" hits="4" branch="False" />
            <line number="23" hits="4" branch="False" />
            <line number="24" hits="4" branch="False" />
            <line number="25" hits="4" branch="False" />
            <line number="26" hits="4" branch="False" />
            <line number="27" hits="4" branch="False" />
            <line number="28" hits="4" branch="False" />
            <line number="29" hits="4" branch="False" />
            <line number="30" hits="4" branch="False" />
            <line number="31" hits="4" branch="False" />
            <line number="32" hits="4" branch="False" />
          </lines>
        </class>
        <class name="ErgoX.VecraX.ML.NLP.Tokenizers.HuggingFace.AutoTokenizer/&lt;LoadAsync&gt;d__24" filename="Core\AutoTokenizer.cs" line-rate="0.6756" branch-rate="0.6428" complexity="14">
          <methods>
            <method name="MoveNext" signature="()" line-rate="0.6756" branch-rate="0.6428" complexity="14">
              <lines>
                <line number="58" hits="4" branch="False" />
                <line number="59" hits="4" branch="True" condition-coverage="100% (2/2)">
                  <conditions>
                    <condition number="27" type="jump" coverage="100%" />
                  </conditions>
                </line>
                <line number="60" hits="4" branch="False" />
                <line number="65" hits="4" branch="True" condition-coverage="50% (1/2)">
                  <conditions>
                    <condition number="70" type="jump" coverage="50%" />
                  </conditions>
                </line>
                <line number="66" hits="0" branch="False" />
                <line number="67" hits="0" branch="True" condition-coverage="0% (0/2)">
                  <conditions>
                    <condition number="86" type="jump" coverage="0%" />
                  </conditions>
                </line>
                <line number="68" hits="0" branch="False" />
                <line number="69" hits="0" branch="False" />
                <line number="70" hits="4" branch="True" condition-coverage="50% (1/2)">
                  <conditions>
                    <condition number="127" type="jump" coverage="50%" />
                  </conditions>
                </line>
                <line number="71" hits="4" branch="False" />
                <line number="72" hits="4" branch="False" />
                <line number="73" hits="4" branch="False" />
                <line number="74" hits="4" branch="False" />
                <line number="76" hits="0" branch="False" />
                <line number="77" hits="0" branch="False" />
                <line number="80" hits="4" branch="True" condition-coverage="50% (1/2)">
                  <conditions>
                    <condition number="203" type="jump" coverage="50%" />
                  </conditions>
                </line>
                <line number="81" hits="0" branch="False" />
                <line number="82" hits="0" branch="False" />
                <line number="85" hits="4" branch="False" />
                <line number="87" hits="4" branch="False" />
                <line number="88" hits="4" branch="False" />
                <line number="89" hits="4" branch="False" />
                <line number="90" hits="4" branch="False" />
                <line number="92" hits="4" branch="True" condition-coverage="100% (2/2)">
                  <conditions>
                    <condition number="586" type="jump" coverage="100%" />
                  </conditions>
                </line>
                <line number="93" hits="3" branch="False" />
                <line number="94" hits="3" branch="False" />
                <line number="95" hits="3" branch="False" />
                <line number="97" hits="4" branch="True" condition-coverage="100% (2/2)">
                  <conditions>
                    <condition number="753" type="jump" coverage="100%" />
                  </conditions>
                </line>
                <line number="98" hits="3" branch="False" />
                <line number="99" hits="3" branch="False" />
                <line number="100" hits="3" branch="False" />
                <line number="102" hits="4" branch="False" />
                <line number="104" hits="0" branch="False" />
                <line number="105" hits="0" branch="False" />
                <line number="106" hits="0" branch="False" />
                <line number="107" hits="0" branch="False" />
                <line number="109" hits="4" branch="False" />
              </lines>
            </method>
          </methods>
          <lines>
            <line number="58" hits="4" branch="False" />
            <line number="59" hits="4" branch="True" condition-coverage="100% (2/2)">
              <conditions>
                <condition number="27" type="jump" coverage="100%" />
              </conditions>
            </line>
            <line number="60" hits="4" branch="False" />
            <line number="65" hits="4" branch="True" condition-coverage="50% (1/2)">
              <conditions>
                <condition number="70" type="jump" coverage="50%" />
              </conditions>
            </line>
            <line number="66" hits="0" branch="False" />
            <line number="67" hits="0" branch="True" condition-coverage="0% (0/2)">
              <conditions>
                <condition number="86" type="jump" coverage="0%" />
              </conditions>
            </line>
            <line number="68" hits="0" branch="False" />
            <line number="69" hits="0" branch="False" />
            <line number="70" hits="4" branch="True" condition-coverage="50% (1/2)">
              <conditions>
                <condition number="127" type="jump" coverage="50%" />
              </conditions>
            </line>
            <line number="71" hits="4" branch="False" />
            <line number="72" hits="4" branch="False" />
            <line number="73" hits="4" branch="False" />
            <line number="74" hits="4" branch="False" />
            <line number="76" hits="0" branch="False" />
            <line number="77" hits="0" branch="False" />
            <line number="80" hits="4" branch="True" condition-coverage="50% (1/2)">
              <conditions>
                <condition number="203" type="jump" coverage="50%" />
              </conditions>
            </line>
            <line number="81" hits="0" branch="False" />
            <line number="82" hits="0" branch="False" />
            <line number="85" hits="4" branch="False" />
            <line number="87" hits="4" branch="False" />
            <line number="88" hits="4" branch="False" />
            <line number="89" hits="4" branch="False" />
            <line number="90" hits="4" branch="False" />
            <line number="92" hits="4" branch="True" condition-coverage="100% (2/2)">
              <conditions>
                <condition number="586" type="jump" coverage="100%" />
              </conditions>
            </line>
            <line number="93" hits="3" branch="False" />
            <line number="94" hits="3" branch="False" />
            <line number="95" hits="3" branch="False" />
            <line number="97" hits="4" branch="True" condition-coverage="100% (2/2)">
              <conditions>
                <condition number="753" type="jump" coverage="100%" />
              </conditions>
            </line>
            <line number="98" hits="3" branch="False" />
            <line number="99" hits="3" branch="False" />
            <line number="100" hits="3" branch="False" />
            <line number="102" hits="4" branch="False" />
            <line number="104" hits="0" branch="False" />
            <line number="105" hits="0" branch="False" />
            <line number="106" hits="0" branch="False" />
            <line number="107" hits="0" branch="False" />
            <line number="109" hits="4" branch="False" />
          </lines>
        </class>
        <class name="ErgoX.VecraX.ML.NLP.Tokenizers.HuggingFace.AutoTokenizer/&lt;TryLoadGenerationConfigAsync&gt;d__35" filename="Core\AutoTokenizer.cs" line-rate="0.52" branch-rate="0.5" complexity="6">
          <methods>
            <method name="MoveNext" signature="()" line-rate="0.52" branch-rate="0.5" complexity="6">
              <lines>
                <line number="224" hits="3" branch="False" />
                <line number="225" hits="3" branch="False" />
                <line number="226" hits="3" branch="True" condition-coverage="50% (1/2)">
                  <conditions>
                    <condition number="56" type="jump" coverage="50%" />
                  </conditions>
                </line>
                <line number="227" hits="0" branch="False" />
                <line number="228" hits="0" branch="False" />
                <line number="231" hits="3" branch="False" />
                <line number="232" hits="3" branch="True" condition-coverage="50% (1/2)">
                  <conditions>
                    <condition number="222" type="jump" coverage="50%" />
                  </conditions>
                </line>
                <line number="233" hits="0" branch="False" />
                <line number="234" hits="0" branch="False" />
                <line number="237" hits="3" branch="False" />
                <line number="238" hits="3" branch="True" condition-coverage="50% (1/2)">
                  <conditions>
                    <condition number="269" type="jump" coverage="50%" />
                  </conditions>
                </line>
                <line number="239" hits="0" branch="False" />
                <line number="240" hits="0" branch="False" />
                <line number="245" hits="3" branch="False" />
                <line number="246" hits="3" branch="False" />
                <line number="247" hits="3" branch="False" />
                <line number="248" hits="0" branch="False" />
                <line number="249" hits="0" branch="False" />
                <line number="250" hits="0" branch="False" />
                <line number="254" hits="3" branch="False" />
                <line number="255" hits="3" branch="False" />
                <line number="257" hits="0" branch="False" />
                <line number="258" hits="0" branch="False" />
                <line number="259" hits="0" branch="False" />
                <line number="261" hits="3" branch="False" />
              </lines>
            </method>
          </methods>
          <lines>
            <line number="224" hits="3" branch="False" />
            <line number="225" hits="3" branch="False" />
            <line number="226" hits="3" branch="True" condition-coverage="50% (1/2)">
              <conditions>
                <condition number="56" type="jump" coverage="50%" />
              </conditions>
            </line>
            <line number="227" hits="0" branch="False" />
            <line number="228" hits="0" branch="False" />
            <line number="231" hits="3" branch="False" />
            <line number="232" hits="3" branch="True" condition-coverage="50% (1/2)">
              <conditions>
                <condition number="222" type="jump" coverage="50%" />
              </conditions>
            </line>
            <line number="233" hits="0" branch="False" />
            <line number="234" hits="0" branch="False" />
            <line number="237" hits="3" branch="False" />
            <line number="238" hits="3" branch="True" condition-coverage="50% (1/2)">
              <conditions>
                <condition number="269" type="jump" coverage="50%" />
              </conditions>
            </line>
            <line number="239" hits="0" branch="False" />
            <line number="240" hits="0" branch="False" />
            <line number="245" hits="3" branch="False" />
            <line number="246" hits="3" branch="False" />
            <line number="247" hits="3" branch="False" />
            <line number="248" hits="0" branch="False" />
            <line number="249" hits="0" branch="False" />
            <line number="250" hits="0" branch="False" />
            <line number="254" hits="3" branch="False" />
            <line number="255" hits="3" branch="False" />
            <line number="257" hits="0" branch="False" />
            <line number="258" hits="0" branch="False" />
            <line number="259" hits="0" branch="False" />
            <line number="261" hits="3" branch="False" />
          </lines>
        </class>
        <class name="ErgoX.VecraX.ML.NLP.Tokenizers.HuggingFace.AutoTokenizer/&lt;TryLoadSpecialTokensAsync&gt;d__34" filename="Core\AutoTokenizer.cs" line-rate="0.8332999999999999" branch-rate="0.75" complexity="4">
          <methods>
            <method name="MoveNext" signature="()" line-rate="0.8332999999999999" branch-rate="0.75" complexity="4">
              <lines>
                <line number="206" hits="4" branch="False" />
                <line number="207" hits="4" branch="False" />
                <line number="208" hits="4" branch="True" condition-coverage="100% (2/2)">
                  <conditions>
                    <condition number="56" type="jump" coverage="100%" />
                  </conditions>
                </line>
                <line number="209" hits="1" branch="False" />
                <line number="210" hits="1" branch="False" />
                <line number="213" hits="3" branch="False" />
                <line number="214" hits="3" branch="True" condition-coverage="50% (1/2)">
                  <conditions>
                    <condition number="222" type="jump" coverage="50%" />
                  </conditions>
                </line>
                <line number="215" hits="0" branch="False" />
                <line number="216" hits="0" branch="False" />
                <line number="219" hits="3" branch="False" />
                <line number="220" hits="3" branch="False" />
                <line number="221" hits="4" branch="False" />
              </lines>
            </method>
          </methods>
          <lines>
            <line number="206" hits="4" branch="False" />
            <line number="207" hits="4" branch="False" />
            <line number="208" hits="4" branch="True" condition-coverage="100% (2/2)">
              <conditions>
                <condition number="56" type="jump" coverage="100%" />
              </conditions>
            </line>
            <line number="209" hits="1" branch="False" />
            <line number="210" hits="1" branch="False" />
            <line number="213" hits="3" branch="False" />
            <line number="214" hits="3" branch="True" condition-coverage="50% (1/2)">
              <conditions>
                <condition number="222" type="jump" coverage="50%" />
              </conditions>
            </line>
            <line number="215" hits="0" branch="False" />
            <line number="216" hits="0" branch="False" />
            <line number="219" hits="3" branch="False" />
            <line number="220" hits="3" branch="False" />
            <line number="221" hits="4" branch="False" />
          </lines>
        </class>
        <class name="ErgoX.VecraX.ML.NLP.Tokenizers.HuggingFace.AutoTokenizer/&lt;TryLoadTokenizerConfigAsync&gt;d__33" filename="Core\AutoTokenizer.cs" line-rate="0.6666" branch-rate="0.5" complexity="4">
          <methods>
            <method name="MoveNext" signature="()" line-rate="0.6666" branch-rate="0.5" complexity="4">
              <lines>
                <line number="188" hits="4" branch="False" />
                <line number="189" hits="4" branch="False" />
                <line number="190" hits="4" branch="True" condition-coverage="50% (1/2)">
                  <conditions>
                    <condition number="56" type="jump" coverage="50%" />
                  </conditions>
                </line>
                <line number="191" hits="0" branch="False" />
                <line number="192" hits="0" branch="False" />
                <line number="195" hits="4" branch="False" />
                <line number="196" hits="4" branch="True" condition-coverage="50% (1/2)">
                  <conditions>
                    <condition number="222" type="jump" coverage="50%" />
                  </conditions>
                </line>
                <line number="197" hits="0" branch="False" />
                <line number="198" hits="0" branch="False" />
                <line number="201" hits="4" branch="False" />
                <line number="202" hits="4" branch="False" />
                <line number="203" hits="4" branch="False" />
              </lines>
            </method>
          </methods>
          <lines>
            <line number="188" hits="4" branch="False" />
            <line number="189" hits="4" branch="False" />
            <line number="190" hits="4" branch="True" condition-coverage="50% (1/2)">
              <conditions>
                <condition number="56" type="jump" coverage="50%" />
              </conditions>
            </line>
            <line number="191" hits="0" branch="False" />
            <line number="192" hits="0" branch="False" />
            <line number="195" hits="4" branch="False" />
            <line number="196" hits="4" branch="True" condition-coverage="50% (1/2)">
              <conditions>
                <condition number="222" type="jump" coverage="50%" />
              </conditions>
            </line>
            <line number="197" hits="0" branch="False" />
            <line number="198" hits="0" branch="False" />
            <line number="201" hits="4" branch="False" />
            <line number="202" hits="4" branch="False" />
            <line number="203" hits="4" branch="False" />
          </lines>
        </class>
        <class name="ErgoX.VecraX.ML.NLP.Tokenizers.HuggingFace.AutoTokenizerLoadOptions" filename="Core\AutoTokenizer.cs" line-rate="1" branch-rate="1" complexity="2">
          <methods>
            <method name="get_ApplyTokenizerDefaults" signature="()" line-rate="1" branch-rate="1" complexity="1">
              <lines>
                <line number="445" hits="9" branch="False" />
              </lines>
            </method>
            <method name="get_LoadGenerationConfig" signature="()" line-rate="1" branch-rate="1" complexity="1">
              <lines>
                <line number="447" hits="9" branch="False" />
              </lines>
            </method>
          </methods>
          <lines>
            <line number="445" hits="9" branch="False" />
            <line number="447" hits="9" branch="False" />
          </lines>
        </class>
        <class name="ErgoX.VecraX.ML.NLP.Tokenizers.HuggingFace.EncodingResult" filename="Core\EncodingResult.cs" line-rate="0.3258" branch-rate="0.14279999999999998" complexity="26">
          <methods>
            <method name="get_Ids" signature="()" line-rate="1" branch-rate="1" complexity="1">
              <lines>
                <line number="16" hits="9" branch="False" />
              </lines>
            </method>
            <method name="get_Tokens" signature="()" line-rate="1" branch-rate="1" complexity="1">
              <lines>
                <line number="21" hits="2" branch="False" />
              </lines>
            </method>
            <method name="get_Offsets" signature="()" line-rate="0" branch-rate="1" complexity="1">
              <lines>
                <line number="26" hits="0" branch="False" />
              </lines>
            </method>
            <method name="get_TypeIds" signature="()" line-rate="0" branch-rate="1" complexity="1">
              <lines>
                <line number="32" hits="0" branch="False" />
              </lines>
            </method>
            <method name="get_AttentionMask" signature="()" line-rate="0" branch-rate="1" complexity="1">
              <lines>
                <line number="38" hits="0" branch="False" />
              </lines>
            </method>
            <method name="get_SpecialTokensMask" signature="()" line-rate="0" branch-rate="1" complexity="1">
              <lines>
                <line number="44" hits="0" branch="False" />
              </lines>
            </method>
            <method name="get_WordIds" signature="()" line-rate="0" branch-rate="1" complexity="1">
              <lines>
                <line number="50" hits="0" branch="False" />
              </lines>
            </method>
            <method name="get_SequenceIds" signature="()" line-rate="0" branch-rate="1" complexity="1">
              <lines>
                <line number="56" hits="0" branch="False" />
              </lines>
            </method>
            <method name="get_Overflowing" signature="()" line-rate="0" branch-rate="1" complexity="1">
              <lines>
                <line number="62" hits="0" branch="False" />
              </lines>
            </method>
            <method name="get_Length" signature="()" line-rate="0" branch-rate="1" complexity="1">
              <lines>
                <line number="67" hits="0" branch="False" />
              </lines>
            </method>
            <method name="WithPadding" signature="(System.Int32,System.Int32,System.String)" line-rate="0" branch-rate="0" complexity="4">
              <lines>
                <line number="114" hits="0" branch="False" />
                <line number="115" hits="0" branch="True" condition-coverage="0% (0/2)">
                  <conditions>
                    <condition number="15" type="jump" coverage="0%" />
                  </conditions>
                </line>
                <line number="116" hits="0" branch="False" />
                <line number="117" hits="0" branch="False" />
                <line number="120" hits="0" branch="False" />
                <line number="121" hits="0" branch="False" />
                <line number="122" hits="0" branch="False" />
                <line number="124" hits="0" branch="True" condition-coverage="0% (0/2)">
                  <conditions>
                    <condition number="106" type="jump" coverage="0%" />
                  </conditions>
                </line>
                <line number="125" hits="0" branch="False" />
                <line number="126" hits="0" branch="False" />
                <line number="127" hits="0" branch="False" />
                <line number="128" hits="0" branch="False" />
                <line number="129" hits="0" branch="False" />
                <line number="131" hits="0" branch="False" />
                <line number="132" hits="0" branch="False" />
              </lines>
            </method>
            <method name="WithLeftPadding" signature="(System.Int32,System.Int32,System.String)" line-rate="0" branch-rate="0" complexity="4">
              <lines>
                <line number="135" hits="0" branch="False" />
                <line number="136" hits="0" branch="True" condition-coverage="0% (0/2)">
                  <conditions>
                    <condition number="17" type="jump" coverage="0%" />
                  </conditions>
                </line>
                <line number="137" hits="0" branch="False" />
                <line number="138" hits="0" branch="False" />
                <line number="141" hits="0" branch="False" />
                <line number="142" hits="0" branch="False" />
                <line number="143" hits="0" branch="False" />
                <line number="144" hits="0" branch="False" />
                <line number="146" hits="0" branch="True" condition-coverage="0% (0/2)">
                  <conditions>
                    <condition number="110" type="jump" coverage="0%" />
                  </conditions>
                </line>
                <line number="147" hits="0" branch="False" />
                <line number="148" hits="0" branch="False" />
                <line number="149" hits="0" branch="False" />
                <line number="150" hits="0" branch="False" />
                <line number="151" hits="0" branch="False" />
                <line number="153" hits="0" branch="False" />
                <line number="154" hits="0" branch="False" />
                <line number="155" hits="0" branch="False" />
                <line number="157" hits="0" branch="False" />
                <line number="158" hits="0" branch="False" />
              </lines>
            </method>
            <method name="WrapReadOnly" signature="(System.Collections.Generic.IReadOnlyList`1&lt;T&gt;)" line-rate="0.5" branch-rate="0.3333" complexity="6">
              <lines>
                <line number="161" hits="81" branch="False" />
                <line number="162" hits="81" branch="True" condition-coverage="50% (1/2)">
                  <conditions>
                    <condition number="14" type="jump" coverage="50%" />
                  </conditions>
                </line>
                <line number="163" hits="0" branch="False" />
                <line number="164" hits="0" branch="False" />
                <line number="167" hits="81" branch="True" condition-coverage="50% (1/2)">
                  <conditions>
                    <condition number="37" type="jump" coverage="50%" />
                  </conditions>
                </line>
                <line number="168" hits="81" branch="False" />
                <line number="169" hits="81" branch="False" />
                <line number="172" hits="0" branch="True" condition-coverage="0% (0/2)">
                  <conditions>
                    <condition number="65" type="jump" coverage="0%" />
                  </conditions>
                </line>
                <line number="173" hits="0" branch="False" />
                <line number="174" hits="0" branch="False" />
                <line number="177" hits="0" branch="False" />
                <line number="178" hits="81" branch="False" />
              </lines>
            </method>
            <method name=".ctor" signature="(System.Collections.Generic.IReadOnlyList`1&lt;System.Int32&gt;,System.Collections.Generic.IReadOnlyList`1&lt;System.String&gt;,System.Collections.Generic.IReadOnlyList`1&lt;System.ValueTuple`2&lt;System.Int32,System.Int32&gt;&gt;)" line-rate="0" branch-rate="1" complexity="1">
              <lines>
                <line number="75" hits="0" branch="False" />
                <line number="76" hits="0" branch="False" />
                <line number="77" hits="0" branch="False" />
                <line number="78" hits="0" branch="False" />
                <line number="79" hits="0" branch="False" />
                <line number="80" hits="0" branch="False" />
                <line number="81" hits="0" branch="False" />
                <line number="82" hits="0" branch="False" />
                <line number="83" hits="0" branch="False" />
                <line number="84" hits="0" branch="False" />
                <line number="85" hits="0" branch="False" />
                <line number="86" hits="0" branch="False" />
              </lines>
            </method>
            <method name=".ctor" signature="(System.Collections.Generic.IReadOnlyList`1&lt;System.Int32&gt;,System.Collections.Generic.IReadOnlyList`1&lt;System.String&gt;,System.Collections.Generic.IReadOnlyList`1&lt;System.ValueTuple`2&lt;System.Int32,System.Int32&gt;&gt;,System.Collections.Generic.IReadOnlyList`1&lt;System.UInt32&gt;,System.Collections.Generic.IReadOnlyList`1&lt;System.UInt32&gt;,System.Collections.Generic.IReadOnlyList`1&lt;System.UInt32&gt;,System.Collections.Generic.IReadOnlyList`1&lt;System.Nullable`1&lt;System.Int32&gt;&gt;,System.Collections.Generic.IReadOnlyList`1&lt;System.Nullable`1&lt;System.Int32&gt;&gt;,System.Collections.Generic.IReadOnlyList`1&lt;ErgoX.VecraX.ML.NLP.Tokenizers.HuggingFace.EncodingResult&gt;)" line-rate="1" branch-rate="1" complexity="1">
              <lines>
                <line number="91" hits="9" branch="False" />
                <line number="92" hits="9" branch="False" />
                <line number="93" hits="9" branch="False" />
                <line number="94" hits="9" branch="False" />
                <line number="95" hits="9" branch="False" />
                <line number="96" hits="9" branch="False" />
                <line number="97" hits="9" branch="False" />
                <line number="98" hits="9" branch="False" />
                <line number="99" hits="9" branch="False" />
                <line number="100" hits="9" branch="False" />
                <line number="101" hits="9" branch="False" />
                <line number="102" hits="9" branch="False" />
                <line number="103" hits="9" branch="False" />
                <line number="104" hits="9" branch="False" />
                <line number="105" hits="9" branch="False" />
                <line number="106" hits="9" branch="False" />
                <line number="107" hits="9" branch="False" />
                <line number="108" hits="9" branch="False" />
                <line number="109" hits="9" branch="False" />
                <line number="110" hits="9" branch="False" />
                <line number="111" hits="9" branch="False" />
              </lines>
            </method>
          </methods>
          <lines>
            <line number="16" hits="9" branch="False" />
            <line number="21" hits="2" branch="False" />
            <line number="26" hits="0" branch="False" />
            <line number="32" hits="0" branch="False" />
            <line number="38" hits="0" branch="False" />
            <line number="44" hits="0" branch="False" />
            <line number="50" hits="0" branch="False" />
            <line number="56" hits="0" branch="False" />
            <line number="62" hits="0" branch="False" />
            <line number="67" hits="0" branch="False" />
            <line number="114" hits="0" branch="False" />
            <line number="115" hits="0" branch="True" condition-coverage="0% (0/2)">
              <conditions>
[...]
                  <conditions>
                    <condition number="322" type="jump" coverage="50%" />
                    <condition number="349" type="jump" coverage="50%" />
                    <condition number="368" type="jump" coverage="100%" />
                  </conditions>
                </line>
                <line number="49" hits="4" branch="False" />
                <line number="50" hits="4" branch="False" />
                <line number="51" hits="4" branch="False" />
                <line number="52" hits="4" branch="False" />
              </lines>
            </method>
            <method name="AddTemplateRoles" signature="(System.Text.Json.Nodes.JsonObject,ErgoX.VecraX.ML.NLP.Tokenizers.HuggingFace.Options.TokenizerConfig)" line-rate="0.4545" branch-rate="0.375" complexity="8">
              <lines>
                <line number="55" hits="4" branch="False" />
                <line number="56" hits="4" branch="True" condition-coverage="50% (3/6)">
                  <conditions>
                    <condition number="2" type="jump" coverage="50%" />
                    <condition number="15" type="jump" coverage="50%" />
                    <condition number="34" type="jump" coverage="50%" />
                  </conditions>
                </line>
                <line number="57" hits="4" branch="False" />
                <line number="58" hits="4" branch="False" />
                <line number="61" hits="0" branch="False" />
                <line number="62" hits="0" branch="True" condition-coverage="0% (0/2)">
                  <conditions>
                    <condition number="123" type="jump" coverage="0%" />
                  </conditions>
                </line>
                <line number="63" hits="0" branch="False" />
                <line number="64" hits="0" branch="False" />
                <line number="65" hits="0" branch="False" />
                <line number="67" hits="0" branch="False" />
                <line number="68" hits="4" branch="False" />
              </lines>
            </method>
            <method name="AddAdditionalTokens" signature="(System.Text.Json.Nodes.JsonObject,ErgoX.VecraX.ML.NLP.Tokenizers.HuggingFace.Options.SpecialTokensMap)" line-rate="0.35710000000000003" branch-rate="0.4" complexity="10">
              <lines>
                <line number="71" hits="4" branch="False" />
                <line number="72" hits="4" branch="True" condition-coverage="50% (3/6)">
                  <conditions>
                    <condition number="2" type="jump" coverage="50%" />
                    <condition number="15" type="jump" coverage="50%" />
                    <condition number="34" type="jump" coverage="50%" />
                  </conditions>
                </line>
                <line number="73" hits="4" branch="False" />
                <line number="74" hits="4" branch="False" />
                <line number="77" hits="0" branch="False" />
                <line number="78" hits="0" branch="True" condition-coverage="0% (0/2)">
                  <conditions>
                    <condition number="150" type="jump" coverage="0%" />
                  </conditions>
                </line>
                <line number="79" hits="0" branch="False" />
                <line number="80" hits="0" branch="False" />
                <line number="81" hits="0" branch="False" />
                <line number="83" hits="0" branch="True" condition-coverage="50% (1/2)">
                  <conditions>
                    <condition number="180" type="jump" coverage="50%" />
                  </conditions>
                </line>
                <line number="84" hits="0" branch="False" />
                <line number="85" hits="0" branch="False" />
                <line number="86" hits="0" branch="False" />
                <line number="87" hits="4" branch="False" />
              </lines>
            </method>
            <method name="ApplyUserVariables" signature="(System.Text.Json.Nodes.JsonObject,System.Collections.Generic.IReadOnlyDictionary`2&lt;System.String,System.Text.Json.Nodes.JsonNode&gt;)" line-rate="0.6666" branch-rate="0.625" complexity="8">
              <lines>
                <line number="90" hits="4" branch="False" />
                <line number="91" hits="4" branch="True" condition-coverage="50% (1/2)">
                  <conditions>
                    <condition number="7" type="jump" coverage="50%" />
                  </conditions>
                </line>
                <line number="92" hits="0" branch="False" />
                <line number="93" hits="0" branch="False" />
                <line number="96" hits="20" branch="True" condition-coverage="100% (2/2)">
                  <conditions>
                    <condition number="89" type="jump" coverage="100%" />
                  </conditions>
                </line>
                <line number="97" hits="4" branch="False" />
                <line number="98" hits="4" branch="True" condition-coverage="50% (1/2)">
                  <conditions>
                    <condition number="44" type="jump" coverage="50%" />
                  </conditions>
                </line>
                <line number="99" hits="0" branch="False" />
                <line number="100" hits="0" branch="False" />
                <line number="103" hits="4" branch="True" condition-coverage="50% (1/2)">
                  <conditions>
                    <condition number="65" type="jump" coverage="50%" />
                  </conditions>
                </line>
                <line number="104" hits="4" branch="False" />
                <line number="105" hits="4" branch="False" />
              </lines>
            </method>
            <method name="AddToken" signature="(System.Text.Json.Nodes.JsonObject,System.String,System.String,ErgoX.VecraX.ML.NLP.Tokenizers.HuggingFace.Options.SpecialTokensMap/TokenDefinition)" line-rate="1" branch-rate="1" complexity="2">
              <lines>
                <line number="112" hits="16" branch="False" />
                <line number="113" hits="16" branch="False" />
                <line number="114" hits="16" branch="True" condition-coverage="100% (2/2)">
                  <conditions>
                    <condition number="20" type="jump" coverage="100%" />
                  </conditions>
                </line>
                <line number="115" hits="8" branch="False" />
                <line number="116" hits="8" branch="False" />
                <line number="117" hits="8" branch="False" />
                <line number="118" hits="16" branch="False" />
              </lines>
            </method>
            <method name="AddTokenId" signature="(System.Text.Json.Nodes.JsonObject,System.String,System.Nullable`1&lt;System.Int32&gt;,ErgoX.VecraX.ML.NLP.Tokenizers.HuggingFace.Options.SpecialTokensMap/TokenDefinition)" line-rate="0.5714" branch-rate="0.6666" complexity="6">
              <lines>
                <line number="125" hits="16" branch="False" />
                <line number="126" hits="16" branch="True" condition-coverage="75% (3/4)">
                  <conditions>
                    <condition number="10" type="jump" coverage="50%" />
                    <condition number="13" type="jump" coverage="100%" />
                  </conditions>
                </line>
                <line number="127" hits="16" branch="True" condition-coverage="50% (1/2)">
                  <conditions>
                    <condition number="45" type="jump" coverage="50%" />
                  </conditions>
                </line>
                <line number="128" hits="0" branch="False" />
                <line number="129" hits="0" branch="False" />
                <line number="130" hits="0" branch="False" />
                <line number="131" hits="16" branch="False" />
              </lines>
            </method>
            <method name="ResolveToken" signature="(System.String,ErgoX.VecraX.ML.NLP.Tokenizers.HuggingFace.Options.SpecialTokensMap/TokenDefinition)" line-rate="0.7777" branch-rate="0.6666" complexity="6">
              <lines>
                <line number="134" hits="16" branch="False" />
                <line number="135" hits="16" branch="True" condition-coverage="100% (2/2)">
                  <conditions>
                    <condition number="12" type="jump" coverage="100%" />
                  </conditions>
                </line>
                <line number="136" hits="8" branch="False" />
                <line number="137" hits="8" branch="False" />
                <line number="140" hits="8" branch="True" condition-coverage="50% (2/4)">
                  <conditions>
                    <condition number="20" type="jump" coverage="50%" />
                    <condition number="41" type="jump" coverage="50%" />
                  </conditions>
                </line>
                <line number="141" hits="0" branch="False" />
                <line number="142" hits="0" branch="False" />
                <line number="145" hits="8" branch="False" />
                <line number="146" hits="16" branch="False" />
              </lines>
            </method>
            <method name=".cctor" signature="()" line-rate="1" branch-rate="1" complexity="1">
              <lines>
                <line number="13" hits="1" branch="False" />
                <line number="14" hits="1" branch="False" />
                <line number="15" hits="1" branch="False" />
                <line number="16" hits="1" branch="False" />
              </lines>
            </method>
          </methods>
          <lines>
            <line number="22" hits="4" branch="False" />
            <line number="23" hits="4" branch="False" />
            <line number="25" hits="4" branch="False" />
            <line number="26" hits="4" branch="False" />
            <line number="27" hits="4" branch="False" />
            <line number="28" hits="4" branch="False" />
            <line number="30" hits="4" branch="True" condition-coverage="50% (1/2)">
              <conditions>
                <condition number="55" type="jump" coverage="50%" />
              </conditions>
            </line>
            <line number="31" hits="4" branch="False" />
            <line number="37" hits="4" branch="False" />
            <line number="38" hits="4" branch="True" condition-coverage="50% (2/4)">
              <conditions>
                <condition number="8" type="jump" coverage="50%" />
                <condition number="20" type="jump" coverage="50%" />
              </conditions>
            </line>
            <line number="39" hits="4" branch="True" condition-coverage="50% (2/4)">
              <conditions>
                <condition number="44" type="jump" coverage="50%" />
                <condition number="56" type="jump" coverage="50%" />
              </conditions>
            </line>
            <line number="40" hits="4" branch="True" condition-coverage="50% (2/4)">
              <conditions>
                <condition number="80" type="jump" coverage="50%" />
                <condition number="92" type="jump" coverage="50%" />
              </conditions>
            </line>
            <line number="41" hits="4" branch="True" condition-coverage="50% (2/4)">
              <conditions>
                <condition number="116" type="jump" coverage="50%" />
                <condition number="128" type="jump" coverage="50%" />
              </conditions>
            </line>
            <line number="43" hits="4" branch="True" condition-coverage="50% (2/4)">
              <conditions>
                <condition number="152" type="jump" coverage="50%" />
                <condition number="172" type="jump" coverage="50%" />
              </conditions>
            </line>
            <line number="44" hits="4" branch="True" condition-coverage="50% (2/4)">
              <conditions>
                <condition number="196" type="jump" coverage="50%" />
                <condition number="216" type="jump" coverage="50%" />
              </conditions>
            </line>
            <line number="45" hits="4" branch="True" condition-coverage="50% (2/4)">
              <conditions>
                <condition number="240" type="jump" coverage="50%" />
                <condition number="260" type="jump" coverage="50%" />
              </conditions>
            </line>
            <line number="46" hits="4" branch="True" condition-coverage="50% (2/4)">
              <conditions>
                <condition number="284" type="jump" coverage="50%" />
                <condition number="304" type="jump" coverage="50%" />
              </conditions>
            </line>
            <line number="48" hits="4" branch="True" condition-coverage="66.66% (4/6)">
              <conditions>
                <condition number="322" type="jump" coverage="50%" />
                <condition number="349" type="jump" coverage="50%" />
                <condition number="368" type="jump" coverage="100%" />
              </conditions>
            </line>
            <line number="49" hits="4" branch="False" />
            <line number="50" hits="4" branch="False" />
            <line number="51" hits="4" branch="False" />
            <line number="52" hits="4" branch="False" />
            <line number="55" hits="4" branch="False" />
            <line number="56" hits="4" branch="True" condition-coverage="50% (3/6)">
              <conditions>
                <condition number="2" type="jump" coverage="50%" />
                <condition number="15" type="jump" coverage="50%" />
                <condition number="34" type="jump" coverage="50%" />
              </conditions>
            </line>
            <line number="57" hits="4" branch="False" />
            <line number="58" hits="4" branch="False" />
            <line number="61" hits="0" branch="False" />
            <line number="62" hits="0" branch="True" condition-coverage="0% (0/2)">
              <conditions>
                <condition number="123" type="jump" coverage="0%" />
              </conditions>
            </line>
            <line number="63" hits="0" branch="False" />
            <line number="64" hits="0" branch="False" />
            <line number="65" hits="0" branch="False" />
            <line number="67" hits="0" branch="False" />
            <line number="68" hits="4" branch="False" />
            <line number="71" hits="4" branch="False" />
            <line number="72" hits="4" branch="True" condition-coverage="50% (3/6)">
              <conditions>
                <condition number="2" type="jump" coverage="50%" />
                <condition number="15" type="jump" coverage="50%" />
                <condition number="34" type="jump" coverage="50%" />
              </conditions>
            </line>
            <line number="73" hits="4" branch="False" />
            <line number="74" hits="4" branch="False" />
            <line number="77" hits="0" branch="False" />
            <line number="78" hits="0" branch="True" condition-coverage="0% (0/2)">
              <conditions>
                <condition number="150" type="jump" coverage="0%" />
              </conditions>
            </line>
            <line number="79" hits="0" branch="False" />
            <line number="80" hits="0" branch="False" />
            <line number="81" hits="0" branch="False" />
            <line number="83" hits="0" branch="True" condition-coverage="50% (1/2)">
              <conditions>
                <condition number="180" type="jump" coverage="50%" />
              </conditions>
            </line>
            <line number="84" hits="0" branch="False" />
            <line number="85" hits="0" branch="False" />
            <line number="86" hits="0" branch="False" />
            <line number="87" hits="4" branch="False" />
            <line number="90" hits="4" branch="False" />
            <line number="91" hits="4" branch="True" condition-coverage="50% (1/2)">
              <conditions>
                <condition number="7" type="jump" coverage="50%" />
              </conditions>
            </line>
            <line number="92" hits="0" branch="False" />
            <line number="93" hits="0" branch="False" />
            <line number="96" hits="20" branch="True" condition-coverage="100% (2/2)">
              <conditions>
                <condition number="89" type="jump" coverage="100%" />
              </conditions>
            </line>
            <line number="97" hits="4" branch="False" />
            <line number="98" hits="4" branch="True" condition-coverage="50% (1/2)">
              <conditions>
                <condition number="44" type="jump" coverage="50%" />
              </conditions>
            </line>
            <line number="99" hits="0" branch="False" />
            <line number="100" hits="0" branch="False" />
            <line number="103" hits="4" branch="True" condition-coverage="50% (1/2)">
              <conditions>
                <condition number="65" type="jump" coverage="50%" />
              </conditions>
            </line>
            <line number="104" hits="4" branch="False" />
            <line number="105" hits="4" branch="False" />
            <line number="112" hits="16" branch="False" />
            <line number="113" hits="16" branch="False" />
            <line number="114" hits="16" branch="True" condition-coverage="100% (2/2)">
              <conditions>
                <condition number="20" type="jump" coverage="100%" />
              </conditions>
            </line>
            <line number="115" hits="8" branch="False" />
            <line number="116" hits="8" branch="False" />
            <line number="117" hits="8" branch="False" />
            <line number="118" hits="16" branch="False" />
            <line number="125" hits="16" branch="False" />
            <line number="126" hits="16" branch="True" condition-coverage="75% (3/4)">
              <conditions>
                <condition number="10" type="jump" coverage="50%" />
                <condition number="13" type="jump" coverage="100%" />
              </conditions>
            </line>
            <line number="127" hits="16" branch="True" condition-coverage="50% (1/2)">
              <conditions>
                <condition number="45" type="jump" coverage="50%" />
              </conditions>
            </line>
            <line number="128" hits="0" branch="False" />
            <line number="129" hits="0" branch="False" />
            <line number="130" hits="0" branch="False" />
            <line number="131" hits="16" branch="False" />
            <line number="134" hits="16" branch="False" />
            <line number="135" hits="16" branch="True" condition-coverage="100% (2/2)">
              <conditions>
                <condition number="12" type="jump" coverage="100%" />
              </conditions>
            </line>
            <line number="136" hits="8" branch="False" />
            <line number="137" hits="8" branch="False" />
            <line number="140" hits="8" branch="True" condition-coverage="50% (2/4)">
              <conditions>
                <condition number="20" type="jump" coverage="50%" />
                <condition number="41" type="jump" coverage="50%" />
              </conditions>
            </line>
            <line number="141" hits="0" branch="False" />
            <line number="142" hits="0" branch="False" />
            <line number="145" hits="8" branch="False" />
            <line number="146" hits="16" branch="False" />
            <line number="13" hits="1" branch="False" />
            <line number="14" hits="1" branch="False" />
            <line number="15" hits="1" branch="False" />
            <line number="16" hits="1" branch="False" />
          </lines>
        </class>
      </classes>
    </package>
  </packages>
</coverage>